{"ts":"2025-09-14T16:29:53.990Z","op":"patch-display-name","file":"../../../AppData/Local/Temp/wst-ieFhhd/data/items_database.json","backup":null,"mode":"woerter","id":"becher"}
{"ts":"2025-09-14T16:29:54.017Z","op":"name-history:write","file":"../../../AppData/Local/Temp/wst-ieFhhd/state/name-history.json","backup":null}
{"ts":"2025-09-14T16:29:54.037Z","op":"name-undo","file":"../../../AppData/Local/Temp/wst-ieFhhd/data/items_database.json","backup":null,"mode":"woerter","id":"becher"}
{"ts":"2025-09-14T16:29:54.041Z","op":"name-history:write","file":"../../../AppData/Local/Temp/wst-ieFhhd/state/name-history.json","backup":null}
{"ts":"2025-09-14T16:29:54.062Z","op":"name-redo","file":"../../../AppData/Local/Temp/wst-ieFhhd/data/items_database.json","backup":null,"mode":"woerter","id":"becher"}
{"ts":"2025-09-14T16:29:54.068Z","op":"name-history:write","file":"../../../AppData/Local/Temp/wst-ieFhhd/state/name-history.json","backup":null}
{"ts":"2025-09-14T16:29:54.088Z","op":"patch-display-name","file":"../../../AppData/Local/Temp/wst-ieFhhd/data/items_database.json","backup":null,"mode":"woerter","id":"becher"}
{"ts":"2025-09-14T16:29:54.091Z","op":"name-history:write","file":"../../../AppData/Local/Temp/wst-ieFhhd/state/name-history.json","backup":null}
{"ts":"2025-09-14T16:30:21.176Z","op":"patch-display-name","file":"../../../AppData/Local/Temp/wst-8fUgeu/data/items_database.json","backup":null,"mode":"woerter","id":"becher"}
{"ts":"2025-09-14T16:30:21.233Z","op":"name-history:write","file":"../../../AppData/Local/Temp/wst-8fUgeu/state/name-history.json","backup":null}
{"ts":"2025-09-14T16:30:21.266Z","op":"name-undo","file":"../../../AppData/Local/Temp/wst-8fUgeu/data/items_database.json","backup":null,"mode":"woerter","id":"becher"}
{"ts":"2025-09-14T16:30:21.273Z","op":"name-history:write","file":"../../../AppData/Local/Temp/wst-8fUgeu/state/name-history.json","backup":null}
{"ts":"2025-09-14T16:30:21.305Z","op":"name-redo","file":"../../../AppData/Local/Temp/wst-8fUgeu/data/items_database.json","backup":null,"mode":"woerter","id":"becher"}
{"ts":"2025-09-14T16:30:21.311Z","op":"name-history:write","file":"../../../AppData/Local/Temp/wst-8fUgeu/state/name-history.json","backup":null}
{"ts":"2025-09-14T16:52:52.338Z","op":"sync-files:db","file":"../../../AppData/Local/Temp/wst-imp-oiD658/data/items_database.json","backup":null,"mode":"woerter"}
{"ts":"2025-09-14T16:52:52.399Z","op":"resolve-conflict","type":"move","source":"../../../AppData/Local/Temp/wst-imp-oiD658/data/wörter/images/images_unsortiert/apfel.jpg","target":"../../../AppData/Local/Temp/wst-imp-oiD658/data/wörter/images/a/apfel.jpg"}
{"ts":"2025-09-14T16:52:52.401Z","op":"resolve-conflict","type":"move","source":"../../../AppData/Local/Temp/wst-imp-oiD658/data/wörter/sounds/sounds_unsortiert/apfel.mp3","target":"../../../AppData/Local/Temp/wst-imp-oiD658/data/wörter/sounds/a/apfel.mp3"}
{"ts":"2025-09-14T16:52:52.439Z","op":"sync-files:db","file":"../../../AppData/Local/Temp/wst-imp-oiD658/data/items_database.json","backup":null,"mode":"woerter"}
{"ts":"2025-09-14T16:52:52.467Z","op":"sync-files:db","file":"../../../AppData/Local/Temp/wst-imp-oiD658/data/items_database.json","backup":null,"mode":"woerter"}
{"ts":"2025-09-14T16:52:52.482Z","op":"delete-item:db","file":"../../../AppData/Local/Temp/wst-imp-oiD658/data/items_database.json","backup":null,"id":"becher","mode":"woerter"}
{"ts":"2025-09-14T16:52:52.542Z","op":"resolve-conflict","type":"move","source":"../../../AppData/Local/Temp/wst-imp-oiD658/data/wörter/images/images_unsortiert/becher.jpg","target":"../../../AppData/Local/Temp/wst-imp-oiD658/data/wörter/images/b/becher.jpg"}
{"ts":"2025-09-14T16:52:52.543Z","op":"resolve-conflict","type":"move","source":"../../../AppData/Local/Temp/wst-imp-oiD658/data/wörter/sounds/sounds_unsortiert/becher.mp3","target":"../../../AppData/Local/Temp/wst-imp-oiD658/data/wörter/sounds/b/becher.mp3"}
{"ts":"2025-09-14T16:52:52.553Z","op":"sync-files:db","file":"../../../AppData/Local/Temp/wst-imp-oiD658/data/items_database.json","backup":null,"mode":"woerter"}
{"ts":"2025-09-14T16:52:53.012Z","op":"patch-display-name","file":"../../../AppData/Local/Temp/wst-GslPPS/data/items_database.json","backup":null,"mode":"woerter","id":"becher"}
{"ts":"2025-09-14T16:52:53.017Z","op":"name-history:write","file":"../../../AppData/Local/Temp/wst-GslPPS/state/name-history.json","backup":null}
{"ts":"2025-09-14T16:52:53.034Z","op":"name-undo","file":"../../../AppData/Local/Temp/wst-GslPPS/data/items_database.json","backup":null,"mode":"woerter","id":"becher"}
{"ts":"2025-09-14T16:52:53.037Z","op":"name-history:write","file":"../../../AppData/Local/Temp/wst-GslPPS/state/name-history.json","backup":null}
{"ts":"2025-09-14T16:52:53.054Z","op":"name-redo","file":"../../../AppData/Local/Temp/wst-GslPPS/data/items_database.json","backup":null,"mode":"woerter","id":"becher"}
{"ts":"2025-09-14T16:52:53.057Z","op":"name-history:write","file":"../../../AppData/Local/Temp/wst-GslPPS/state/name-history.json","backup":null}
{"ts":"2025-09-14T16:54:38.648Z","op":"save-all-data:db","file":"../../../AppData/Local/Temp/wst-sets-pqUpZG/data/items_database.json","backup":null,"mode":"woerter"}
{"ts":"2025-09-14T16:54:38.652Z","op":"save-all-data:set","file":"../../../AppData/Local/Temp/wst-sets-pqUpZG/data/sets/artikulation_l_final.json","backup":null,"path":"data/sets/artikulation_l_final.json","mode":"woerter"}
{"ts":"2025-09-14T16:54:38.675Z","op":"save-all-data:manifest","file":"../../../AppData/Local/Temp/wst-sets-pqUpZG/data/sets.json","backup":null,"mode":"woerter"}
{"ts":"2025-09-14T16:54:38.745Z","op":"sync-files:db","file":"../../../AppData/Local/Temp/wst-sets-pqUpZG/data/items_database.json","backup":null,"mode":"woerter"}
{"ts":"2025-09-14T16:54:38.756Z","op":"delete-item:db","file":"../../../AppData/Local/Temp/wst-sets-pqUpZG/data/items_database.json","backup":null,"id":"lamm","mode":"woerter"}
{"ts":"2025-09-14T16:54:38.760Z","op":"delete-item:set","file":"../../../AppData/Local/Temp/wst-sets-pqUpZG/data/sets/artikulation_l_final.json","backup":null,"id":"lamm","mode":"woerter","set":"../../../AppData/Local/Temp/wst-sets-pqUpZG/data/sets/artikulation_l_final.json"}
{"ts":"2025-09-14T16:54:38.763Z","op":"delete-item:set","file":"../../../AppData/Local/Temp/wst-sets-pqUpZG/data/sets/testliste.json","backup":null,"id":"lamm","mode":"woerter","set":"../../../AppData/Local/Temp/wst-sets-pqUpZG/data/sets/testliste.json"}
{"ts":"2025-09-14T16:54:39.136Z","op":"sync-files:db","file":"../../../AppData/Local/Temp/wst-imp-RduREW/data/items_database.json","backup":null,"mode":"woerter"}
{"ts":"2025-09-14T16:54:39.165Z","op":"resolve-conflict","type":"move","source":"../../../AppData/Local/Temp/wst-imp-RduREW/data/wörter/images/images_unsortiert/apfel.jpg","target":"../../../AppData/Local/Temp/wst-imp-RduREW/data/wörter/images/a/apfel.jpg"}
{"ts":"2025-09-14T16:54:39.167Z","op":"resolve-conflict","type":"move","source":"../../../AppData/Local/Temp/wst-imp-RduREW/data/wörter/sounds/sounds_unsortiert/apfel.mp3","target":"../../../AppData/Local/Temp/wst-imp-RduREW/data/wörter/sounds/a/apfel.mp3"}
{"ts":"2025-09-14T16:54:39.179Z","op":"sync-files:db","file":"../../../AppData/Local/Temp/wst-imp-RduREW/data/items_database.json","backup":null,"mode":"woerter"}
{"ts":"2025-09-14T16:54:39.203Z","op":"sync-files:db","file":"../../../AppData/Local/Temp/wst-imp-RduREW/data/items_database.json","backup":null,"mode":"woerter"}
{"ts":"2025-09-14T16:54:39.223Z","op":"delete-item:db","file":"../../../AppData/Local/Temp/wst-imp-RduREW/data/items_database.json","backup":null,"id":"becher","mode":"woerter"}
{"ts":"2025-09-14T16:54:39.251Z","op":"resolve-conflict","type":"move","source":"../../../AppData/Local/Temp/wst-imp-RduREW/data/wörter/images/images_unsortiert/becher.jpg","target":"../../../AppData/Local/Temp/wst-imp-RduREW/data/wörter/images/b/becher.jpg"}
{"ts":"2025-09-14T16:54:39.254Z","op":"resolve-conflict","type":"move","source":"../../../AppData/Local/Temp/wst-imp-RduREW/data/wörter/sounds/sounds_unsortiert/becher.mp3","target":"../../../AppData/Local/Temp/wst-imp-RduREW/data/wörter/sounds/b/becher.mp3"}
{"ts":"2025-09-14T16:54:39.268Z","op":"sync-files:db","file":"../../../AppData/Local/Temp/wst-imp-RduREW/data/items_database.json","backup":null,"mode":"woerter"}
{"ts":"2025-09-14T16:54:39.623Z","op":"patch-display-name","file":"../../../AppData/Local/Temp/wst-X7awav/data/items_database.json","backup":null,"mode":"woerter","id":"becher"}
{"ts":"2025-09-14T16:54:39.629Z","op":"name-history:write","file":"../../../AppData/Local/Temp/wst-X7awav/state/name-history.json","backup":null}
{"ts":"2025-09-14T16:54:39.646Z","op":"name-undo","file":"../../../AppData/Local/Temp/wst-X7awav/data/items_database.json","backup":null,"mode":"woerter","id":"becher"}
{"ts":"2025-09-14T16:54:39.650Z","op":"name-history:write","file":"../../../AppData/Local/Temp/wst-X7awav/state/name-history.json","backup":null}
{"ts":"2025-09-14T16:54:39.668Z","op":"name-redo","file":"../../../AppData/Local/Temp/wst-X7awav/data/items_database.json","backup":null,"mode":"woerter","id":"becher"}
{"ts":"2025-09-14T16:54:39.672Z","op":"name-history:write","file":"../../../AppData/Local/Temp/wst-X7awav/state/name-history.json","backup":null}
{"ts":"2025-09-14T16:56:20.782Z","op":"save-all-data:db","file":"../../../AppData/Local/Temp/wst-sets-tCdpby/data/items_database.json","backup":null,"mode":"woerter"}
{"ts":"2025-09-14T16:56:20.786Z","op":"save-all-data:set","file":"../../../AppData/Local/Temp/wst-sets-tCdpby/data/sets/artikulation_l_final.json","backup":null,"path":"data/sets/artikulation_l_final.json","mode":"woerter"}
{"ts":"2025-09-14T16:56:20.809Z","op":"save-all-data:manifest","file":"../../../AppData/Local/Temp/wst-sets-tCdpby/data/sets.json","backup":null,"mode":"woerter"}
{"ts":"2025-09-14T16:56:20.870Z","op":"sync-files:db","file":"../../../AppData/Local/Temp/wst-sets-tCdpby/data/items_database.json","backup":null,"mode":"woerter"}
{"ts":"2025-09-14T16:56:20.882Z","op":"delete-item:db","file":"../../../AppData/Local/Temp/wst-sets-tCdpby/data/items_database.json","backup":null,"id":"lamm","mode":"woerter"}
{"ts":"2025-09-14T16:56:20.885Z","op":"delete-item:set","file":"../../../AppData/Local/Temp/wst-sets-tCdpby/data/sets/artikulation_l_final.json","backup":null,"id":"lamm","mode":"woerter","set":"../../../AppData/Local/Temp/wst-sets-tCdpby/data/sets/artikulation_l_final.json"}
{"ts":"2025-09-14T16:56:20.888Z","op":"delete-item:set","file":"../../../AppData/Local/Temp/wst-sets-tCdpby/data/sets/testliste.json","backup":null,"id":"lamm","mode":"woerter","set":"../../../AppData/Local/Temp/wst-sets-tCdpby/data/sets/testliste.json"}
{"ts":"2025-09-14T16:56:21.254Z","op":"sync-files:db","file":"../../../AppData/Local/Temp/wst-imp-duExae/data/items_database.json","backup":null,"mode":"woerter"}
{"ts":"2025-09-14T16:56:21.286Z","op":"resolve-conflict","type":"move","source":"../../../AppData/Local/Temp/wst-imp-duExae/data/wörter/images/images_unsortiert/apfel.jpg","target":"../../../AppData/Local/Temp/wst-imp-duExae/data/wörter/images/a/apfel.jpg"}
{"ts":"2025-09-14T16:56:21.287Z","op":"resolve-conflict","type":"move","source":"../../../AppData/Local/Temp/wst-imp-duExae/data/wörter/sounds/sounds_unsortiert/apfel.mp3","target":"../../../AppData/Local/Temp/wst-imp-duExae/data/wörter/sounds/a/apfel.mp3"}
{"ts":"2025-09-14T16:56:21.300Z","op":"sync-files:db","file":"../../../AppData/Local/Temp/wst-imp-duExae/data/items_database.json","backup":null,"mode":"woerter"}
{"ts":"2025-09-14T16:56:21.322Z","op":"sync-files:db","file":"../../../AppData/Local/Temp/wst-imp-duExae/data/items_database.json","backup":null,"mode":"woerter"}
{"ts":"2025-09-14T16:56:21.337Z","op":"delete-item:db","file":"../../../AppData/Local/Temp/wst-imp-duExae/data/items_database.json","backup":null,"id":"becher","mode":"woerter"}
{"ts":"2025-09-14T16:56:21.362Z","op":"resolve-conflict","type":"move","source":"../../../AppData/Local/Temp/wst-imp-duExae/data/wörter/images/images_unsortiert/becher.jpg","target":"../../../AppData/Local/Temp/wst-imp-duExae/data/wörter/images/b/becher.jpg"}
{"ts":"2025-09-14T16:56:21.365Z","op":"resolve-conflict","type":"move","source":"../../../AppData/Local/Temp/wst-imp-duExae/data/wörter/sounds/sounds_unsortiert/becher.mp3","target":"../../../AppData/Local/Temp/wst-imp-duExae/data/wörter/sounds/b/becher.mp3"}
{"ts":"2025-09-14T16:56:21.380Z","op":"sync-files:db","file":"../../../AppData/Local/Temp/wst-imp-duExae/data/items_database.json","backup":null,"mode":"woerter"}
{"ts":"2025-09-14T16:56:21.738Z","op":"patch-display-name","file":"../../../AppData/Local/Temp/wst-57EiC5/data/items_database.json","backup":null,"mode":"woerter","id":"becher"}
{"ts":"2025-09-14T16:56:21.743Z","op":"name-history:write","file":"../../../AppData/Local/Temp/wst-57EiC5/state/name-history.json","backup":null}
{"ts":"2025-09-14T16:56:21.760Z","op":"name-undo","file":"../../../AppData/Local/Temp/wst-57EiC5/data/items_database.json","backup":null,"mode":"woerter","id":"becher"}
{"ts":"2025-09-14T16:56:21.767Z","op":"name-history:write","file":"../../../AppData/Local/Temp/wst-57EiC5/state/name-history.json","backup":null}
{"ts":"2025-09-14T16:56:21.787Z","op":"name-redo","file":"../../../AppData/Local/Temp/wst-57EiC5/data/items_database.json","backup":null,"mode":"woerter","id":"becher"}
{"ts":"2025-09-14T16:56:21.790Z","op":"name-history:write","file":"../../../AppData/Local/Temp/wst-57EiC5/state/name-history.json","backup":null}
{"ts":"2025-09-14T17:05:21.815Z","op":"sync-files:db","file":"../../../AppData/Local/Temp/wst-imp-YPON8r/data/items_database.json","backup":null,"mode":"woerter"}
{"ts":"2025-09-14T17:05:21.848Z","op":"resolve-conflict","type":"move","source":"../../../AppData/Local/Temp/wst-imp-YPON8r/data/wörter/images/images_unsortiert/apfel.jpg","target":"../../../AppData/Local/Temp/wst-imp-YPON8r/data/wörter/images/a/apfel.jpg"}
{"ts":"2025-09-14T17:05:21.850Z","op":"resolve-conflict","type":"move","source":"../../../AppData/Local/Temp/wst-imp-YPON8r/data/wörter/sounds/sounds_unsortiert/apfel.mp3","target":"../../../AppData/Local/Temp/wst-imp-YPON8r/data/wörter/sounds/a/apfel.mp3"}
{"ts":"2025-09-14T17:05:21.882Z","op":"sync-files:db","file":"../../../AppData/Local/Temp/wst-imp-YPON8r/data/items_database.json","backup":null,"mode":"woerter"}
{"ts":"2025-09-14T17:05:21.907Z","op":"sync-files:db","file":"../../../AppData/Local/Temp/wst-imp-YPON8r/data/items_database.json","backup":null,"mode":"woerter"}
{"ts":"2025-09-14T17:05:21.922Z","op":"delete-item:db","file":"../../../AppData/Local/Temp/wst-imp-YPON8r/data/items_database.json","backup":null,"id":"becher","mode":"woerter"}
{"ts":"2025-09-14T17:05:21.945Z","op":"resolve-conflict","type":"move","source":"../../../AppData/Local/Temp/wst-imp-YPON8r/data/wörter/images/images_unsortiert/becher.jpg","target":"../../../AppData/Local/Temp/wst-imp-YPON8r/data/wörter/images/b/becher.jpg"}
{"ts":"2025-09-14T17:05:21.949Z","op":"resolve-conflict","type":"move","source":"../../../AppData/Local/Temp/wst-imp-YPON8r/data/wörter/sounds/sounds_unsortiert/becher.mp3","target":"../../../AppData/Local/Temp/wst-imp-YPON8r/data/wörter/sounds/b/becher.mp3"}
{"ts":"2025-09-14T17:05:21.960Z","op":"sync-files:db","file":"../../../AppData/Local/Temp/wst-imp-YPON8r/data/items_database.json","backup":null,"mode":"woerter"}
{"ts":"2025-09-14T17:05:22.314Z","op":"save-all-data:db","file":"../../../AppData/Local/Temp/wst-sets-U5cmvh/data/items_database.json","backup":null,"mode":"woerter"}
{"ts":"2025-09-14T17:05:22.319Z","op":"save-all-data:set","file":"../../../AppData/Local/Temp/wst-sets-U5cmvh/data/sets/artikulation_l_final.json","backup":null,"path":"data/sets/artikulation_l_final.json","mode":"woerter"}
{"ts":"2025-09-14T17:05:22.322Z","op":"save-all-data:manifest","file":"../../../AppData/Local/Temp/wst-sets-U5cmvh/data/sets.json","backup":null,"mode":"woerter"}
{"ts":"2025-09-14T17:05:22.390Z","op":"sync-files:db","file":"../../../AppData/Local/Temp/wst-sets-U5cmvh/data/items_database.json","backup":null,"mode":"woerter"}
{"ts":"2025-09-14T17:05:22.400Z","op":"delete-item:db","file":"../../../AppData/Local/Temp/wst-sets-U5cmvh/data/items_database.json","backup":null,"id":"lamm","mode":"woerter"}
{"ts":"2025-09-14T17:05:22.404Z","op":"delete-item:set","file":"../../../AppData/Local/Temp/wst-sets-U5cmvh/data/sets/artikulation_l_final.json","backup":null,"id":"lamm","mode":"woerter","set":"../../../AppData/Local/Temp/wst-sets-U5cmvh/data/sets/artikulation_l_final.json"}
{"ts":"2025-09-14T17:05:22.407Z","op":"delete-item:set","file":"../../../AppData/Local/Temp/wst-sets-U5cmvh/data/sets/testliste.json","backup":null,"id":"lamm","mode":"woerter","set":"../../../AppData/Local/Temp/wst-sets-U5cmvh/data/sets/testliste.json"}
{"ts":"2025-09-14T17:05:22.772Z","op":"patch-display-name","file":"../../../AppData/Local/Temp/wst-uTN4pn/data/items_database.json","backup":null,"mode":"woerter","id":"becher"}
{"ts":"2025-09-14T17:05:22.778Z","op":"name-history:write","file":"../../../AppData/Local/Temp/wst-uTN4pn/state/name-history.json","backup":null}
{"ts":"2025-09-14T17:05:22.795Z","op":"name-undo","file":"../../../AppData/Local/Temp/wst-uTN4pn/data/items_database.json","backup":null,"mode":"woerter","id":"becher"}
{"ts":"2025-09-14T17:05:22.798Z","op":"name-history:write","file":"../../../AppData/Local/Temp/wst-uTN4pn/state/name-history.json","backup":null}
{"ts":"2025-09-14T17:05:22.815Z","op":"name-redo","file":"../../../AppData/Local/Temp/wst-uTN4pn/data/items_database.json","backup":null,"mode":"woerter","id":"becher"}
{"ts":"2025-09-14T17:05:22.818Z","op":"name-history:write","file":"../../../AppData/Local/Temp/wst-uTN4pn/state/name-history.json","backup":null}
{"ts":"2025-09-14T17:06:51.699Z","op":"sync-files:db","file":"../../../AppData/Local/Temp/wst-imp-H3qkSn/data/items_database.json","backup":null,"mode":"woerter"}
{"ts":"2025-09-14T17:06:51.742Z","op":"resolve-conflict","type":"move","source":"../../../AppData/Local/Temp/wst-imp-H3qkSn/data/wörter/images/images_unsortiert/apfel.jpg","target":"../../../AppData/Local/Temp/wst-imp-H3qkSn/data/wörter/images/a/apfel.jpg"}
{"ts":"2025-09-14T17:06:51.744Z","op":"resolve-conflict","type":"move","source":"../../../AppData/Local/Temp/wst-imp-H3qkSn/data/wörter/sounds/sounds_unsortiert/apfel.mp3","target":"../../../AppData/Local/Temp/wst-imp-H3qkSn/data/wörter/sounds/a/apfel.mp3"}
{"ts":"2025-09-14T17:06:51.784Z","op":"sync-files:db","file":"../../../AppData/Local/Temp/wst-imp-H3qkSn/data/items_database.json","backup":null,"mode":"woerter"}
{"ts":"2025-09-14T17:06:51.814Z","op":"sync-files:db","file":"../../../AppData/Local/Temp/wst-imp-H3qkSn/data/items_database.json","backup":null,"mode":"woerter"}
{"ts":"2025-09-14T17:06:51.833Z","op":"delete-item:db","file":"../../../AppData/Local/Temp/wst-imp-H3qkSn/data/items_database.json","backup":null,"id":"becher","mode":"woerter"}
{"ts":"2025-09-14T17:06:51.864Z","op":"resolve-conflict","type":"move","source":"../../../AppData/Local/Temp/wst-imp-H3qkSn/data/wörter/images/images_unsortiert/becher.jpg","target":"../../../AppData/Local/Temp/wst-imp-H3qkSn/data/wörter/images/b/becher.jpg"}
{"ts":"2025-09-14T17:06:51.866Z","op":"resolve-conflict","type":"move","source":"../../../AppData/Local/Temp/wst-imp-H3qkSn/data/wörter/sounds/sounds_unsortiert/becher.mp3","target":"../../../AppData/Local/Temp/wst-imp-H3qkSn/data/wörter/sounds/b/becher.mp3"}
{"ts":"2025-09-14T17:06:51.880Z","op":"sync-files:db","file":"../../../AppData/Local/Temp/wst-imp-H3qkSn/data/items_database.json","backup":null,"mode":"woerter"}
{"ts":"2025-09-14T17:06:52.311Z","op":"save-all-data:db","file":"../../../AppData/Local/Temp/wst-sets-ZuiQdY/data/items_database.json","backup":null,"mode":"woerter"}
{"ts":"2025-09-14T17:06:52.315Z","op":"save-all-data:set","file":"../../../AppData/Local/Temp/wst-sets-ZuiQdY/data/sets/artikulation_l_final.json","backup":null,"path":"data/sets/artikulation_l_final.json","mode":"woerter"}
{"ts":"2025-09-14T17:06:52.319Z","op":"save-all-data:manifest","file":"../../../AppData/Local/Temp/wst-sets-ZuiQdY/data/sets.json","backup":null,"mode":"woerter"}
{"ts":"2025-09-14T17:06:52.576Z","op":"sync-files:db","file":"../../../AppData/Local/Temp/wst-sets-ZuiQdY/data/items_database.json","backup":null,"mode":"woerter"}
{"ts":"2025-09-14T17:06:52.698Z","op":"delete-item:db","file":"../../../AppData/Local/Temp/wst-sets-ZuiQdY/data/items_database.json","backup":null,"id":"lamm","mode":"woerter"}
{"ts":"2025-09-14T17:06:52.703Z","op":"delete-item:set","file":"../../../AppData/Local/Temp/wst-sets-ZuiQdY/data/sets/artikulation_l_final.json","backup":null,"id":"lamm","mode":"woerter","set":"../../../AppData/Local/Temp/wst-sets-ZuiQdY/data/sets/artikulation_l_final.json"}
{"ts":"2025-09-14T17:06:52.708Z","op":"delete-item:set","file":"../../../AppData/Local/Temp/wst-sets-ZuiQdY/data/sets/testliste.json","backup":null,"id":"lamm","mode":"woerter","set":"../../../AppData/Local/Temp/wst-sets-ZuiQdY/data/sets/testliste.json"}
{"ts":"2025-09-14T17:06:53.131Z","op":"patch-display-name","file":"../../../AppData/Local/Temp/wst-HUuA5g/data/items_database.json","backup":null,"mode":"woerter","id":"becher"}
{"ts":"2025-09-14T17:06:53.136Z","op":"name-history:write","file":"../../../AppData/Local/Temp/wst-HUuA5g/state/name-history.json","backup":null}
{"ts":"2025-09-14T17:06:53.156Z","op":"name-undo","file":"../../../AppData/Local/Temp/wst-HUuA5g/data/items_database.json","backup":null,"mode":"woerter","id":"becher"}
{"ts":"2025-09-14T17:06:53.160Z","op":"name-history:write","file":"../../../AppData/Local/Temp/wst-HUuA5g/state/name-history.json","backup":null}
{"ts":"2025-09-14T17:06:53.181Z","op":"name-redo","file":"../../../AppData/Local/Temp/wst-HUuA5g/data/items_database.json","backup":null,"mode":"woerter","id":"becher"}
{"ts":"2025-09-14T17:06:53.185Z","op":"name-history:write","file":"../../../AppData/Local/Temp/wst-HUuA5g/state/name-history.json","backup":null}
{"ts":"2025-09-14T17:24:36.144Z","op":"save-all-data:db","file":"../../../AppData/Local/Temp/wst-sets-JSH5Fz/data/items_database.json","backup":null,"mode":"woerter"}
{"ts":"2025-09-14T17:24:36.149Z","op":"save-all-data:set","file":"../../../AppData/Local/Temp/wst-sets-JSH5Fz/data/sets/artikulation_l_final.json","backup":null,"path":"data/sets/artikulation_l_final.json","mode":"woerter"}
{"ts":"2025-09-14T17:24:36.172Z","op":"save-all-data:manifest","file":"../../../AppData/Local/Temp/wst-sets-JSH5Fz/data/sets.json","backup":null,"mode":"woerter"}
{"ts":"2025-09-14T17:24:36.260Z","op":"sync-files:db","file":"../../../AppData/Local/Temp/wst-sets-JSH5Fz/data/items_database.json","backup":null,"mode":"woerter"}
{"ts":"2025-09-14T17:24:36.272Z","op":"delete-item:db","file":"../../../AppData/Local/Temp/wst-sets-JSH5Fz/data/items_database.json","backup":null,"id":"lamm","mode":"woerter"}
{"ts":"2025-09-14T17:24:36.275Z","op":"delete-item:set","file":"../../../AppData/Local/Temp/wst-sets-JSH5Fz/data/sets/artikulation_l_final.json","backup":null,"id":"lamm","mode":"woerter","set":"../../../AppData/Local/Temp/wst-sets-JSH5Fz/data/sets/artikulation_l_final.json"}
{"ts":"2025-09-14T17:24:36.279Z","op":"delete-item:set","file":"../../../AppData/Local/Temp/wst-sets-JSH5Fz/data/sets/testliste.json","backup":null,"id":"lamm","mode":"woerter","set":"../../../AppData/Local/Temp/wst-sets-JSH5Fz/data/sets/testliste.json"}
{"ts":"2025-09-14T17:24:36.640Z","op":"sync-files:db","file":"../../../AppData/Local/Temp/wst-imp-Cl291P/data/items_database.json","backup":null,"mode":"woerter"}
{"ts":"2025-09-14T17:24:36.670Z","op":"resolve-conflict","type":"move","source":"../../../AppData/Local/Temp/wst-imp-Cl291P/data/wörter/images/images_unsortiert/apfel.jpg","target":"../../../AppData/Local/Temp/wst-imp-Cl291P/data/wörter/images/a/apfel.jpg"}
{"ts":"2025-09-14T17:24:36.671Z","op":"resolve-conflict","type":"move","source":"../../../AppData/Local/Temp/wst-imp-Cl291P/data/wörter/sounds/sounds_unsortiert/apfel.mp3","target":"../../../AppData/Local/Temp/wst-imp-Cl291P/data/wörter/sounds/a/apfel.mp3"}
{"ts":"2025-09-14T17:24:36.683Z","op":"sync-files:db","file":"../../../AppData/Local/Temp/wst-imp-Cl291P/data/items_database.json","backup":null,"mode":"woerter"}
{"ts":"2025-09-14T17:24:36.704Z","op":"sync-files:db","file":"../../../AppData/Local/Temp/wst-imp-Cl291P/data/items_database.json","backup":null,"mode":"woerter"}
{"ts":"2025-09-14T17:24:36.719Z","op":"delete-item:db","file":"../../../AppData/Local/Temp/wst-imp-Cl291P/data/items_database.json","backup":null,"id":"becher","mode":"woerter"}
{"ts":"2025-09-14T17:24:36.752Z","op":"resolve-conflict","type":"move","source":"../../../AppData/Local/Temp/wst-imp-Cl291P/data/wörter/images/images_unsortiert/becher.jpg","target":"../../../AppData/Local/Temp/wst-imp-Cl291P/data/wörter/images/b/becher.jpg"}
{"ts":"2025-09-14T17:24:36.754Z","op":"resolve-conflict","type":"move","source":"../../../AppData/Local/Temp/wst-imp-Cl291P/data/wörter/sounds/sounds_unsortiert/becher.mp3","target":"../../../AppData/Local/Temp/wst-imp-Cl291P/data/wörter/sounds/b/becher.mp3"}
{"ts":"2025-09-14T17:24:36.767Z","op":"sync-files:db","file":"../../../AppData/Local/Temp/wst-imp-Cl291P/data/items_database.json","backup":null,"mode":"woerter"}
{"ts":"2025-09-14T17:24:37.126Z","op":"patch-display-name","file":"../../../AppData/Local/Temp/wst-4hdOuO/data/items_database.json","backup":null,"mode":"woerter","id":"becher"}
{"ts":"2025-09-14T17:24:37.131Z","op":"name-history:write","file":"../../../AppData/Local/Temp/wst-4hdOuO/state/name-history.json","backup":null}
{"ts":"2025-09-14T17:24:37.149Z","op":"name-undo","file":"../../../AppData/Local/Temp/wst-4hdOuO/data/items_database.json","backup":null,"mode":"woerter","id":"becher"}
{"ts":"2025-09-14T17:24:37.155Z","op":"name-history:write","file":"../../../AppData/Local/Temp/wst-4hdOuO/state/name-history.json","backup":null}
{"ts":"2025-09-14T17:24:37.172Z","op":"name-redo","file":"../../../AppData/Local/Temp/wst-4hdOuO/data/items_database.json","backup":null,"mode":"woerter","id":"becher"}
{"ts":"2025-09-14T17:24:37.176Z","op":"name-history:write","file":"../../../AppData/Local/Temp/wst-4hdOuO/state/name-history.json","backup":null}
{"ts":"2025-09-14T17:47:30.295Z","op":"id-rename:db","file":"../../../AppData/Local/Temp/wst-idrename-vlUGTY/data/items_database.json","backup":null,"mode":"woerter","from":"lamm","to":"schaf"}
{"ts":"2025-09-14T17:47:30.299Z","op":"id-rename:set","file":"../../../AppData/Local/Temp/wst-idrename-vlUGTY/data/sets/testliste.json","backup":null,"mode":"woerter","set":"../../../AppData/Local/Temp/wst-idrename-vlUGTY/data/sets/testliste.json","from":"lamm","to":"schaf"}
{"ts":"2025-09-14T17:47:31.007Z","op":"save-all-data:db","file":"../../../AppData/Local/Temp/wst-sets-eH02rg/data/items_database.json","backup":null,"mode":"woerter"}
{"ts":"2025-09-14T17:47:31.011Z","op":"save-all-data:set","file":"../../../AppData/Local/Temp/wst-sets-eH02rg/data/sets/artikulation_l_final.json","backup":null,"path":"data/sets/artikulation_l_final.json","mode":"woerter"}
{"ts":"2025-09-14T17:47:31.032Z","op":"save-all-data:manifest","file":"../../../AppData/Local/Temp/wst-sets-eH02rg/data/sets.json","backup":null,"mode":"woerter"}
{"ts":"2025-09-14T17:47:31.091Z","op":"sync-files:db","file":"../../../AppData/Local/Temp/wst-sets-eH02rg/data/items_database.json","backup":null,"mode":"woerter"}
{"ts":"2025-09-14T17:47:31.101Z","op":"delete-item:db","file":"../../../AppData/Local/Temp/wst-sets-eH02rg/data/items_database.json","backup":null,"id":"lamm","mode":"woerter"}
{"ts":"2025-09-14T17:47:31.108Z","op":"delete-item:set","file":"../../../AppData/Local/Temp/wst-sets-eH02rg/data/sets/artikulation_l_final.json","backup":null,"id":"lamm","mode":"woerter","set":"../../../AppData/Local/Temp/wst-sets-eH02rg/data/sets/artikulation_l_final.json"}
{"ts":"2025-09-14T17:47:31.112Z","op":"delete-item:set","file":"../../../AppData/Local/Temp/wst-sets-eH02rg/data/sets/testliste.json","backup":null,"id":"lamm","mode":"woerter","set":"../../../AppData/Local/Temp/wst-sets-eH02rg/data/sets/testliste.json"}
{"ts":"2025-09-14T17:47:31.468Z","op":"sync-files:db","file":"../../../AppData/Local/Temp/wst-imp-XGBaoJ/data/items_database.json","backup":null,"mode":"woerter"}
{"ts":"2025-09-14T17:47:31.496Z","op":"resolve-conflict","type":"move","source":"../../../AppData/Local/Temp/wst-imp-XGBaoJ/data/wörter/images/images_unsortiert/apfel.jpg","target":"../../../AppData/Local/Temp/wst-imp-XGBaoJ/data/wörter/images/a/apfel.jpg"}
{"ts":"2025-09-14T17:47:31.497Z","op":"resolve-conflict","type":"move","source":"../../../AppData/Local/Temp/wst-imp-XGBaoJ/data/wörter/sounds/sounds_unsortiert/apfel.mp3","target":"../../../AppData/Local/Temp/wst-imp-XGBaoJ/data/wörter/sounds/a/apfel.mp3"}
{"ts":"2025-09-14T17:47:31.510Z","op":"sync-files:db","file":"../../../AppData/Local/Temp/wst-imp-XGBaoJ/data/items_database.json","backup":null,"mode":"woerter"}
{"ts":"2025-09-14T17:47:31.533Z","op":"sync-files:db","file":"../../../AppData/Local/Temp/wst-imp-XGBaoJ/data/items_database.json","backup":null,"mode":"woerter"}
{"ts":"2025-09-14T17:47:31.547Z","op":"delete-item:db","file":"../../../AppData/Local/Temp/wst-imp-XGBaoJ/data/items_database.json","backup":null,"id":"becher","mode":"woerter"}
{"ts":"2025-09-14T17:47:31.572Z","op":"resolve-conflict","type":"move","source":"../../../AppData/Local/Temp/wst-imp-XGBaoJ/data/wörter/images/images_unsortiert/becher.jpg","target":"../../../AppData/Local/Temp/wst-imp-XGBaoJ/data/wörter/images/b/becher.jpg"}
{"ts":"2025-09-14T17:47:31.574Z","op":"resolve-conflict","type":"move","source":"../../../AppData/Local/Temp/wst-imp-XGBaoJ/data/wörter/sounds/sounds_unsortiert/becher.mp3","target":"../../../AppData/Local/Temp/wst-imp-XGBaoJ/data/wörter/sounds/b/becher.mp3"}
{"ts":"2025-09-14T17:47:31.588Z","op":"sync-files:db","file":"../../../AppData/Local/Temp/wst-imp-XGBaoJ/data/items_database.json","backup":null,"mode":"woerter"}
{"ts":"2025-09-14T17:47:31.949Z","op":"patch-display-name","file":"../../../AppData/Local/Temp/wst-41RjIw/data/items_database.json","backup":null,"mode":"woerter","id":"becher"}
{"ts":"2025-09-14T17:47:31.954Z","op":"name-history:write","file":"../../../AppData/Local/Temp/wst-41RjIw/state/name-history.json","backup":null}
{"ts":"2025-09-14T17:47:31.977Z","op":"name-undo","file":"../../../AppData/Local/Temp/wst-41RjIw/data/items_database.json","backup":null,"mode":"woerter","id":"becher"}
{"ts":"2025-09-14T17:47:31.982Z","op":"name-history:write","file":"../../../AppData/Local/Temp/wst-41RjIw/state/name-history.json","backup":null}
{"ts":"2025-09-14T17:47:32.001Z","op":"name-redo","file":"../../../AppData/Local/Temp/wst-41RjIw/data/items_database.json","backup":null,"mode":"woerter","id":"becher"}
{"ts":"2025-09-14T17:47:32.005Z","op":"name-history:write","file":"../../../AppData/Local/Temp/wst-41RjIw/state/name-history.json","backup":null}
{"ts":"2025-09-14T17:50:20.368Z","op":"id-rename:db","file":"../../../AppData/Local/Temp/wst-idrename-bLFwGx/data/items_database.json","backup":null,"mode":"woerter","from":"lamm","to":"schaf"}
{"ts":"2025-09-14T17:50:20.372Z","op":"id-rename:set","file":"../../../AppData/Local/Temp/wst-idrename-bLFwGx/data/sets/testliste.json","backup":null,"mode":"woerter","set":"../../../AppData/Local/Temp/wst-idrename-bLFwGx/data/sets/testliste.json","from":"lamm","to":"schaf"}
{"ts":"2025-09-14T17:50:20.766Z","op":"sync-files:db","file":"../../../AppData/Local/Temp/wst-imp-IrThNo/data/items_database.json","backup":null,"mode":"woerter"}
{"ts":"2025-09-14T17:50:20.800Z","op":"resolve-conflict","type":"move","source":"../../../AppData/Local/Temp/wst-imp-IrThNo/data/wörter/images/images_unsortiert/apfel.jpg","target":"../../../AppData/Local/Temp/wst-imp-IrThNo/data/wörter/images/a/apfel.jpg"}
{"ts":"2025-09-14T17:50:20.801Z","op":"resolve-conflict","type":"move","source":"../../../AppData/Local/Temp/wst-imp-IrThNo/data/wörter/sounds/sounds_unsortiert/apfel.mp3","target":"../../../AppData/Local/Temp/wst-imp-IrThNo/data/wörter/sounds/a/apfel.mp3"}
{"ts":"2025-09-14T17:50:20.833Z","op":"sync-files:db","file":"../../../AppData/Local/Temp/wst-imp-IrThNo/data/items_database.json","backup":null,"mode":"woerter"}
{"ts":"2025-09-14T17:50:20.856Z","op":"sync-files:db","file":"../../../AppData/Local/Temp/wst-imp-IrThNo/data/items_database.json","backup":null,"mode":"woerter"}
{"ts":"2025-09-14T17:50:20.870Z","op":"delete-item:db","file":"../../../AppData/Local/Temp/wst-imp-IrThNo/data/items_database.json","backup":null,"id":"becher","mode":"woerter"}
{"ts":"2025-09-14T17:50:20.895Z","op":"resolve-conflict","type":"move","source":"../../../AppData/Local/Temp/wst-imp-IrThNo/data/wörter/images/images_unsortiert/becher.jpg","target":"../../../AppData/Local/Temp/wst-imp-IrThNo/data/wörter/images/b/becher.jpg"}
{"ts":"2025-09-14T17:50:20.898Z","op":"resolve-conflict","type":"move","source":"../../../AppData/Local/Temp/wst-imp-IrThNo/data/wörter/sounds/sounds_unsortiert/becher.mp3","target":"../../../AppData/Local/Temp/wst-imp-IrThNo/data/wörter/sounds/b/becher.mp3"}
{"ts":"2025-09-14T17:50:20.907Z","op":"sync-files:db","file":"../../../AppData/Local/Temp/wst-imp-IrThNo/data/items_database.json","backup":null,"mode":"woerter"}
{"ts":"2025-09-14T17:50:21.260Z","op":"save-all-data:db","file":"../../../AppData/Local/Temp/wst-sets-rDZagG/data/items_database.json","backup":null,"mode":"woerter"}
{"ts":"2025-09-14T17:50:21.264Z","op":"save-all-data:set","file":"../../../AppData/Local/Temp/wst-sets-rDZagG/data/sets/artikulation_l_final.json","backup":null,"path":"data/sets/artikulation_l_final.json","mode":"woerter"}
{"ts":"2025-09-14T17:50:21.267Z","op":"save-all-data:manifest","file":"../../../AppData/Local/Temp/wst-sets-rDZagG/data/sets.json","backup":null,"mode":"woerter"}
{"ts":"2025-09-14T17:50:21.340Z","op":"sync-files:db","file":"../../../AppData/Local/Temp/wst-sets-rDZagG/data/items_database.json","backup":null,"mode":"woerter"}
{"ts":"2025-09-14T17:50:21.350Z","op":"delete-item:db","file":"../../../AppData/Local/Temp/wst-sets-rDZagG/data/items_database.json","backup":null,"id":"lamm","mode":"woerter"}
{"ts":"2025-09-14T17:50:21.354Z","op":"delete-item:set","file":"../../../AppData/Local/Temp/wst-sets-rDZagG/data/sets/artikulation_l_final.json","backup":null,"id":"lamm","mode":"woerter","set":"../../../AppData/Local/Temp/wst-sets-rDZagG/data/sets/artikulation_l_final.json"}
{"ts":"2025-09-14T17:50:21.356Z","op":"delete-item:set","file":"../../../AppData/Local/Temp/wst-sets-rDZagG/data/sets/testliste.json","backup":null,"id":"lamm","mode":"woerter","set":"../../../AppData/Local/Temp/wst-sets-rDZagG/data/sets/testliste.json"}
{"ts":"2025-09-14T17:50:21.750Z","op":"patch-display-name","file":"../../../AppData/Local/Temp/wst-nRczwJ/data/items_database.json","backup":null,"mode":"woerter","id":"becher"}
{"ts":"2025-09-14T17:50:21.755Z","op":"name-history:write","file":"../../../AppData/Local/Temp/wst-nRczwJ/state/name-history.json","backup":null}
{"ts":"2025-09-14T17:50:21.773Z","op":"name-undo","file":"../../../AppData/Local/Temp/wst-nRczwJ/data/items_database.json","backup":null,"mode":"woerter","id":"becher"}
{"ts":"2025-09-14T17:50:21.777Z","op":"name-history:write","file":"../../../AppData/Local/Temp/wst-nRczwJ/state/name-history.json","backup":null}
{"ts":"2025-09-14T17:50:21.796Z","op":"name-redo","file":"../../../AppData/Local/Temp/wst-nRczwJ/data/items_database.json","backup":null,"mode":"woerter","id":"becher"}
{"ts":"2025-09-14T17:50:21.800Z","op":"name-history:write","file":"../../../AppData/Local/Temp/wst-nRczwJ/state/name-history.json","backup":null}
{"ts":"2025-09-14T18:01:11.411Z","op":"id-rename:db","file":"../../../AppData/Local/Temp/wst-idrename-F2SnXz/data/items_database.json","backup":null,"mode":"woerter","from":"lamm","to":"schaf"}
{"ts":"2025-09-14T18:01:11.415Z","op":"id-rename:set","file":"../../../AppData/Local/Temp/wst-idrename-F2SnXz/data/sets/testliste.json","backup":null,"mode":"woerter","set":"../../../AppData/Local/Temp/wst-idrename-F2SnXz/data/sets/testliste.json","from":"lamm","to":"schaf"}
{"ts":"2025-09-14T18:01:11.810Z","op":"sync-files:db","file":"../../../AppData/Local/Temp/wst-imp-mTxJM6/data/items_database.json","backup":null,"mode":"woerter"}
{"ts":"2025-09-14T18:01:11.845Z","op":"resolve-conflict","type":"move","source":"../../../AppData/Local/Temp/wst-imp-mTxJM6/data/wörter/images/images_unsortiert/apfel.jpg","target":"../../../AppData/Local/Temp/wst-imp-mTxJM6/data/wörter/images/a/apfel.jpg"}
{"ts":"2025-09-14T18:01:11.847Z","op":"resolve-conflict","type":"move","source":"../../../AppData/Local/Temp/wst-imp-mTxJM6/data/wörter/sounds/sounds_unsortiert/apfel.mp3","target":"../../../AppData/Local/Temp/wst-imp-mTxJM6/data/wörter/sounds/a/apfel.mp3"}
{"ts":"2025-09-14T18:01:11.880Z","op":"sync-files:db","file":"../../../AppData/Local/Temp/wst-imp-mTxJM6/data/items_database.json","backup":null,"mode":"woerter"}
{"ts":"2025-09-14T18:01:11.904Z","op":"sync-files:db","file":"../../../AppData/Local/Temp/wst-imp-mTxJM6/data/items_database.json","backup":null,"mode":"woerter"}
{"ts":"2025-09-14T18:01:11.920Z","op":"delete-item:db","file":"../../../AppData/Local/Temp/wst-imp-mTxJM6/data/items_database.json","backup":null,"id":"becher","mode":"woerter"}
{"ts":"2025-09-14T18:01:11.947Z","op":"resolve-conflict","type":"move","source":"../../../AppData/Local/Temp/wst-imp-mTxJM6/data/wörter/images/images_unsortiert/becher.jpg","target":"../../../AppData/Local/Temp/wst-imp-mTxJM6/data/wörter/images/b/becher.jpg"}
{"ts":"2025-09-14T18:01:11.948Z","op":"resolve-conflict","type":"move","source":"../../../AppData/Local/Temp/wst-imp-mTxJM6/data/wörter/sounds/sounds_unsortiert/becher.mp3","target":"../../../AppData/Local/Temp/wst-imp-mTxJM6/data/wörter/sounds/b/becher.mp3"}
{"ts":"2025-09-14T18:01:11.963Z","op":"sync-files:db","file":"../../../AppData/Local/Temp/wst-imp-mTxJM6/data/items_database.json","backup":null,"mode":"woerter"}
{"ts":"2025-09-14T18:01:12.331Z","op":"patch-display-name","file":"../../../AppData/Local/Temp/wst-AD12ns/data/items_database.json","backup":null,"mode":"woerter","id":"becher"}
{"ts":"2025-09-14T18:01:12.336Z","op":"name-history:write","file":"../../../AppData/Local/Temp/wst-AD12ns/state/name-history.json","backup":null}
{"ts":"2025-09-14T18:01:12.354Z","op":"name-undo","file":"../../../AppData/Local/Temp/wst-AD12ns/data/items_database.json","backup":null,"mode":"woerter","id":"becher"}
{"ts":"2025-09-14T18:01:12.357Z","op":"name-history:write","file":"../../../AppData/Local/Temp/wst-AD12ns/state/name-history.json","backup":null}
{"ts":"2025-09-14T18:01:12.374Z","op":"name-redo","file":"../../../AppData/Local/Temp/wst-AD12ns/data/items_database.json","backup":null,"mode":"woerter","id":"becher"}
{"ts":"2025-09-14T18:01:12.380Z","op":"name-history:write","file":"../../../AppData/Local/Temp/wst-AD12ns/state/name-history.json","backup":null}
{"ts":"2025-09-14T18:01:12.731Z","op":"save-all-data:db","file":"../../../AppData/Local/Temp/wst-sets-0HRH37/data/items_database.json","backup":null,"mode":"woerter"}
{"ts":"2025-09-14T18:01:12.735Z","op":"save-all-data:set","file":"../../../AppData/Local/Temp/wst-sets-0HRH37/data/sets/artikulation_l_final.json","backup":null,"path":"data/sets/artikulation_l_final.json","mode":"woerter"}
{"ts":"2025-09-14T18:01:12.738Z","op":"save-all-data:manifest","file":"../../../AppData/Local/Temp/wst-sets-0HRH37/data/sets.json","backup":null,"mode":"woerter"}
{"ts":"2025-09-14T18:01:12.802Z","op":"sync-files:db","file":"../../../AppData/Local/Temp/wst-sets-0HRH37/data/items_database.json","backup":null,"mode":"woerter"}
{"ts":"2025-09-14T18:01:12.810Z","op":"delete-item:db","file":"../../../AppData/Local/Temp/wst-sets-0HRH37/data/items_database.json","backup":null,"id":"lamm","mode":"woerter"}
{"ts":"2025-09-14T18:01:12.815Z","op":"delete-item:set","file":"../../../AppData/Local/Temp/wst-sets-0HRH37/data/sets/artikulation_l_final.json","backup":null,"id":"lamm","mode":"woerter","set":"../../../AppData/Local/Temp/wst-sets-0HRH37/data/sets/artikulation_l_final.json"}
{"ts":"2025-09-14T18:01:12.818Z","op":"delete-item:set","file":"../../../AppData/Local/Temp/wst-sets-0HRH37/data/sets/testliste.json","backup":null,"id":"lamm","mode":"woerter","set":"../../../AppData/Local/Temp/wst-sets-0HRH37/data/sets/testliste.json"}
{"ts":"2025-09-14T18:12:18.541Z","op":"id-rename:db","file":"../../../AppData/Local/Temp/wst-idrename-RrNNS3/data/items_database.json","backup":null,"mode":"woerter","from":"lamm","to":"schaf"}
{"ts":"2025-09-14T18:12:18.545Z","op":"id-rename:set","file":"../../../AppData/Local/Temp/wst-idrename-RrNNS3/data/sets/testliste.json","backup":null,"mode":"woerter","set":"../../../AppData/Local/Temp/wst-idrename-RrNNS3/data/sets/testliste.json","from":"lamm","to":"schaf"}
{"ts":"2025-09-14T18:12:18.942Z","op":"sync-files:db","file":"../../../AppData/Local/Temp/wst-imp-s1IWqI/data/items_database.json","backup":null,"mode":"woerter"}
{"ts":"2025-09-14T18:12:18.976Z","op":"resolve-conflict","type":"move","source":"../../../AppData/Local/Temp/wst-imp-s1IWqI/data/wörter/images/images_unsortiert/apfel.jpg","target":"../../../AppData/Local/Temp/wst-imp-s1IWqI/data/wörter/images/a/apfel.jpg"}
{"ts":"2025-09-14T18:12:18.978Z","op":"resolve-conflict","type":"move","source":"../../../AppData/Local/Temp/wst-imp-s1IWqI/data/wörter/sounds/sounds_unsortiert/apfel.mp3","target":"../../../AppData/Local/Temp/wst-imp-s1IWqI/data/wörter/sounds/a/apfel.mp3"}
{"ts":"2025-09-14T18:12:19.013Z","op":"sync-files:db","file":"../../../AppData/Local/Temp/wst-imp-s1IWqI/data/items_database.json","backup":null,"mode":"woerter"}
{"ts":"2025-09-14T18:12:19.040Z","op":"sync-files:db","file":"../../../AppData/Local/Temp/wst-imp-s1IWqI/data/items_database.json","backup":null,"mode":"woerter"}
{"ts":"2025-09-14T18:12:19.059Z","op":"delete-item:db","file":"../../../AppData/Local/Temp/wst-imp-s1IWqI/data/items_database.json","backup":null,"id":"becher","mode":"woerter"}
{"ts":"2025-09-14T18:12:19.086Z","op":"resolve-conflict","type":"move","source":"../../../AppData/Local/Temp/wst-imp-s1IWqI/data/wörter/images/images_unsortiert/becher.jpg","target":"../../../AppData/Local/Temp/wst-imp-s1IWqI/data/wörter/images/b/becher.jpg"}
{"ts":"2025-09-14T18:12:19.087Z","op":"resolve-conflict","type":"move","source":"../../../AppData/Local/Temp/wst-imp-s1IWqI/data/wörter/sounds/sounds_unsortiert/becher.mp3","target":"../../../AppData/Local/Temp/wst-imp-s1IWqI/data/wörter/sounds/b/becher.mp3"}
{"ts":"2025-09-14T18:12:19.100Z","op":"sync-files:db","file":"../../../AppData/Local/Temp/wst-imp-s1IWqI/data/items_database.json","backup":null,"mode":"woerter"}
{"ts":"2025-09-14T18:12:19.781Z","op":"save-all-data:db","file":"../../../AppData/Local/Temp/wst-sets-ncALu6/data/items_database.json","backup":null,"mode":"woerter"}
{"ts":"2025-09-14T18:12:19.786Z","op":"save-all-data:set","file":"../../../AppData/Local/Temp/wst-sets-ncALu6/data/sets/artikulation_l_final.json","backup":null,"path":"data/sets/artikulation_l_final.json","mode":"woerter"}
{"ts":"2025-09-14T18:12:19.790Z","op":"save-all-data:manifest","file":"../../../AppData/Local/Temp/wst-sets-ncALu6/data/sets.json","backup":null,"mode":"woerter"}
{"ts":"2025-09-14T18:12:19.959Z","op":"sync-files:db","file":"../../../AppData/Local/Temp/wst-sets-ncALu6/data/items_database.json","backup":null,"mode":"woerter"}
{"ts":"2025-09-14T18:12:19.974Z","op":"delete-item:db","file":"../../../AppData/Local/Temp/wst-sets-ncALu6/data/items_database.json","backup":null,"id":"lamm","mode":"woerter"}
{"ts":"2025-09-14T18:12:19.981Z","op":"delete-item:set","file":"../../../AppData/Local/Temp/wst-sets-ncALu6/data/sets/artikulation_l_final.json","backup":null,"id":"lamm","mode":"woerter","set":"../../../AppData/Local/Temp/wst-sets-ncALu6/data/sets/artikulation_l_final.json"}
{"ts":"2025-09-14T18:12:19.985Z","op":"delete-item:set","file":"../../../AppData/Local/Temp/wst-sets-ncALu6/data/sets/testliste.json","backup":null,"id":"lamm","mode":"woerter","set":"../../../AppData/Local/Temp/wst-sets-ncALu6/data/sets/testliste.json"}
{"ts":"2025-09-14T18:12:20.420Z","op":"patch-display-name","file":"../../../AppData/Local/Temp/wst-kb3BNN/data/items_database.json","backup":null,"mode":"woerter","id":"becher"}
{"ts":"2025-09-14T18:12:20.425Z","op":"name-history:write","file":"../../../AppData/Local/Temp/wst-kb3BNN/state/name-history.json","backup":null}
{"ts":"2025-09-14T18:12:20.441Z","op":"name-undo","file":"../../../AppData/Local/Temp/wst-kb3BNN/data/items_database.json","backup":null,"mode":"woerter","id":"becher"}
{"ts":"2025-09-14T18:12:20.446Z","op":"name-history:write","file":"../../../AppData/Local/Temp/wst-kb3BNN/state/name-history.json","backup":null}
{"ts":"2025-09-14T18:12:20.471Z","op":"name-redo","file":"../../../AppData/Local/Temp/wst-kb3BNN/data/items_database.json","backup":null,"mode":"woerter","id":"becher"}
{"ts":"2025-09-14T18:12:20.476Z","op":"name-history:write","file":"../../../AppData/Local/Temp/wst-kb3BNN/state/name-history.json","backup":null}
